02:07:29 **** Incremental Build of configuration Keil 8051 v9.53 - Debug for project EFM8BB10F8G-A-SOIC16 ****
make all 
PATH=/c/SiliconLabs/SimplicityStudio/v4/developer/toolchains/keil_8051/9.53/BIN:/c/SiliconLabs/SimplicityStudio/v4/support/8051:/usr/bin:/c/SiliconLabs/SimplicityStudio/v4/features/com.silabs.external.java.windows.x86.feature_1.8.0.92/jre/bin/client:/c/SiliconLabs/SimplicityStudio/v4/features/com.silabs.external.java.windows.x86.feature_1.8.0.92/jre/bin:/c/SiliconLabs/SimplicityStudio/v4/features/com.silabs.external.java.windows.x86.feature_1.8.0.92/jre/lib/i386:/c/Program Files (x86)/Intel/iCLS Client/:/c/Program Files/Intel/iCLS Client/:/c/Windows/system32:/c/Windows:/c/Windows/System32/Wbem:/c/Windows/System32/WindowsPowerShell/v1.0/:/c/Program Files (x86)/NVIDIA Corporation/PhysX/Common:/c/Program Files (x86)/Plantronics/Spokes3G/:/c/Program Files (x86)/Intel/Intel(R) Management Engine Components/DAL:/c/Program Files/Intel/Intel(R) Management Engine Components/DAL:/c/Program Files (x86)/Intel/Intel(R) Management Engine Components/IPT:/c/Program Files/Intel/Intel(R) Management Engine Components/IPT:%SystemRoot%/system32:%SystemRoot%:%SystemRoot%/System32/Wbem:%SYSTEMROOT%/System32/WindowsPowerShell/v1.0/:/c/Users/sxmchxn/AppData/Local/Microsoft/WindowsApps:.:/c/Program Files (x86)/Microsoft VS Code/bin:/c/Users/sxmchxn/AppData/Local/Keybase/:/c/SiliconLabs/SimplicityStudio/v4
 
Building file: ../src/EFM8BB10F8G-A-SOIC16_main.c
Invoking: Keil 8051 Compiler
C51 "@src/EFM8BB10F8G-A-SOIC16_main.__i" || test $? -lt 2

C51 COMPILER V9.53.0.0 - SN: K1RLC-X082WZ
COPYRIGHT Copyright (C) 2012 - 2014 ARM Ltd and ARM Germany GmbH. All rights reserved.

C51 COMPILATION COMPLETE.  0 WARNING(S),  0 ERROR(S)
Finished building: ../src/EFM8BB10F8G-A-SOIC16_main.c
 
Building target: EFM8BB10F8G-A-SOIC16.omf
Invoking: Keil 8051 Linker
LX51 "@EFM8BB10F8G-A-SOIC16.lnp" || test $? -lt 2

LX51 LINKER/LOCATER V4.66.30.0 - SN: K1RLC-X082WZ
COPYRIGHT ARM Germany GmbH 1995 - 2014
@EFM8BB10F8G-A-SOIC16.lnp "./src/EFM8BB10F8G-A-SOIC16_main.OBJ",
"./src/InitDevice.OBJ",
"./src/SILABS_STARTUP.OBJ",
"./src/test.OBJ"
TO "EFM8BB10F8G-A-SOIC16.OMF.CRBUILD" REMOVEUNUSED PRINT(.\EFM8BB10F8G-A-SOIC16.m51) PAGEWIDTH (120) PAGELENGTH (65) CLASSES( CODE(C:0x0 - C:0x1ffe), CONST(C:0x0 - C:0x1ffe), ECODE(C:0x0 - C:0x1ffe), HCONST(C:0x0 - C:0x1ffe), XDATA(X:0x0 - X:0xff), HDATA(X:0x0 - X:0xff))

Program Size: data=9.0 xdata=0 const=0 code=48
LX51 RUN COMPLETE.  0 WARNING(S),  0 ERROR(S)
Finished building target: EFM8BB10F8G-A-SOIC16.omf

02:07:30 Build Finished (took 1s.185ms)

